<?xml version="1.0" encoding="UTF-8"?>
<!-- Generated by org.testng.reporters.JUnitReportReporter -->
<testsuite hostname="Rohit" failures="0" tests="2" name="com.ninza.hrm.api.employeetest.EmployeeTest" time="1.784" errors="0" timestamp="2024-09-21T18:51:14 IST" skipped="0">
  <testcase classname="com.ninza.hrm.api.employeetest.EmployeeTest" name="addEmployeeTest" time="1.315"/>
  <system-out/>
  <testcase classname="com.ninza.hrm.api.employeetest.EmployeeTest" name="addEmployeeWithoutEmailTest" time="0.469"/>
  <system-out/>
</testsuite> <!-- com.ninza.hrm.api.employeetest.EmployeeTest -->
